admin,New Role created.,2024-03-10 12:54:19
admin,Role updated.,2024-03-10 12:54:23
admin,Role deleted.,2024-03-10 12:54:25
admin,New Type created.,2024-03-10 12:54:56
admin,Type updated.,2024-03-10 12:55:00
admin,Type deleted.,2024-03-10 12:55:01
admin,New User created.,2024-03-10 12:55:16
admin,User updated.,2024-03-10 12:55:20
admin,User deleted.,2024-03-10 12:55:26
admin,User deleted.,2024-03-10 12:55:26
admin,User deleted.,2024-03-10 12:55:26
admin,User deleted.,2024-03-10 12:55:26
admin,User deleted.,2024-03-10 12:55:26
admin,User deleted.,2024-03-10 12:55:26
admin,User deleted.,2024-03-10 12:55:26
admin,User deleted.,2024-03-10 12:55:26
admin,User deleted.,2024-03-10 12:55:26
admin,User deleted.,2024-03-10 12:55:26
admin,User deleted.,2024-03-10 12:55:26
admin,User deleted.,2024-03-10 12:55:26
admin,User deleted.,2024-03-10 12:55:26
admin,User deleted.,2024-03-10 12:55:26
admin,User deleted.,2024-03-10 12:55:26
admin,User deleted.,2024-03-10 12:55:26
admin,User deleted.,2024-03-10 12:55:26
admin,User deleted.,2024-03-10 12:55:26
admin,User deleted.,2024-03-10 12:55:26
admin,User deleted.,2024-03-10 12:55:26
admin,User deleted.,2024-03-10 12:55:26
admin,User deleted.,2024-03-10 12:55:26
admin,User deleted.,2024-03-10 12:55:26
admin,User deleted.,2024-03-10 12:55:26
admin,User deleted.,2024-03-10 12:55:26
admin,User deleted.,2024-03-10 12:55:26
admin,Logged out,2024-03-10 13:41:08
admin,Logged in,2024-03-10 13:41:33
admin,Logged out,2024-03-10 13:43:14
admin,Logged in,2024-03-10 13:43:53
admin,Logged out,2024-03-10 13:54:16
admin,Logged in,2024-03-10 13:57:12
admin,Logged out,2024-03-10 15:01:30
admin,Logged in,2024-03-10 15:01:43
admin,Logged out,2024-03-10 15:21:55
admin,Logged in,2024-03-10 15:22:14
admin,Logged out,2024-03-10 15:38:35
admin,Logged in,2024-03-10 15:38:44
admin,Posted review for restaurant.,2024-03-10 15:39:20
admin,Added item to cart.,2024-03-10 15:40:10
admin,Updated quantity of item.,2024-03-10 15:40:13
admin,Added item to cart.,2024-03-10 15:40:16
admin,Updated quantity of item.,2024-03-10 15:40:28
admin,Removed item from order.,2024-03-10 15:40:49
test,Logged in,2024-03-12 00:54:10
test,Logged out,2024-03-12 01:04:19
test,Logged in,2024-03-12 01:06:46
admin,Logged in,2024-03-12 12:26:34
admin,Posted review for restaurant.,2024-03-12 12:29:45
admin,Logged out,2024-03-12 12:36:46
test,Logged in,2024-03-12 12:37:03
test,Added item to cart.,2024-03-12 12:45:22
test,Added item to cart.,2024-03-12 12:45:24
test,Updated quantity of item.,2024-03-12 12:45:25
test,Added item to cart.,2024-03-12 12:45:27
test,Logged out,2024-03-12 12:53:32
admin,Logged in,2024-03-12 12:53:41
admin,New Meal created.,2024-03-12 13:34:13
admin,Meal updated.,2024-03-12 13:34:32
admin,Meal deleted.,2024-03-12 13:34:39
admin,Restaurant rating deleted.,2024-03-12 13:34:44
admin,Removed item from order.,2024-03-12 13:36:28
admin,Removed item from order.,2024-03-12 13:36:29
admin,Posted review for restaurant.,2024-03-12 13:36:42
admin,Added item to cart.,2024-03-12 13:37:37
admin,Added item to cart.,2024-03-12 13:37:38
admin,Updated quantity of item.,2024-03-12 13:37:40
admin,Updated quantity of item.,2024-03-12 13:37:49
admin,Updated quantity of item.,2024-03-12 13:37:52
admin,Cart ordered.,2024-03-12 13:37:55
admin,Logged out,2024-03-12 13:37:59
test,Logged in,2024-03-12 14:10:58
test,Logged out,2024-03-12 14:11:05
test,Logged in,2024-03-12 14:11:13
test,Posted review for restaurant.,2024-03-12 14:12:37
test,Posted review for restaurant.,2024-03-12 14:18:15
test,Logged out,2024-03-12 14:18:41
test,Logged in,2024-03-12 14:18:50
test,Logged out,2024-03-12 14:18:53
test,Logged in,2024-03-12 14:19:07
test,Updated quantity of item.,2024-03-12 14:19:41
test,Updated quantity of item.,2024-03-12 14:19:43
test,Added item to cart.,2024-03-12 14:19:51
test,Added item to cart.,2024-03-12 14:19:53
test,Updated quantity of item.,2024-03-12 14:19:59
test,Updated quantity of item.,2024-03-12 14:19:59
test,Updated quantity of item.,2024-03-12 14:20:06
test,Updated quantity of item.,2024-03-12 14:20:13
test,Updated quantity of item.,2024-03-12 14:20:19
test,Removed item from order.,2024-03-12 14:20:21
test,Cart ordered.,2024-03-12 14:20:27
test,Logged out,2024-03-12 14:21:01
admin,Logged in,2024-03-12 14:21:11
admin,New Benefit created.,2024-03-12 14:22:48
admin,Benefit updated.,2024-03-12 14:22:52
admin,Benefit deleted.,2024-03-12 14:23:04
admin,New Meal created.,2024-03-12 14:23:32
admin,Meal updated.,2024-03-12 14:23:50
admin,Meal deleted.,2024-03-12 14:24:00
admin,Restaurant rating deleted.,2024-03-12 14:24:05
admin,New Restaurant created.,2024-03-12 14:24:49
admin,Restaurant updated.,2024-03-12 14:25:11
admin,Restaurant updated.,2024-03-12 14:25:23
admin,Restaurant updated.,2024-03-12 14:25:33
admin,Restaurant deleted.,2024-03-12 14:25:37
admin,Role updated.,2024-03-12 14:25:48
admin,Role deleted.,2024-03-12 14:25:51
admin,New Role created.,2024-03-12 14:25:54
admin,Role deleted.,2024-03-12 14:25:56
admin,New Type created.,2024-03-12 14:26:03
admin,Type updated.,2024-03-12 14:26:08
admin,Type deleted.,2024-03-12 14:26:11
admin,User deleted.,2024-03-12 14:26:25
admin,New User created.,2024-03-12 14:26:36
admin,User updated.,2024-03-12 14:26:52
admin,User updated.,2024-03-12 14:26:57
admin,Logged out,2024-03-12 14:27:47
novicaaaaa,Logged in,2024-03-12 14:28:11
novicaaaaa,Logged out,2024-03-12 14:28:14
admin,Logged in,2024-03-12 16:13:12
admin,Added item to cart.,2024-03-12 16:14:36
admin,Added item to cart.,2024-03-12 16:14:37
admin,Updated quantity of item.,2024-03-12 16:14:39
admin,Removed item from order.,2024-03-12 16:15:18
admin,Logged out,2024-03-12 16:15:35
test,Logged in,2024-03-12 19:10:10
test,Added item to cart.,2024-03-12 20:59:57
test,Added item to cart.,2024-03-12 20:59:58
test,Cart ordered.,2024-03-12 21:00:10
test,Added item to cart.,2024-03-12 21:31:37
test,Added item to cart.,2024-03-12 21:31:38
test,Updated quantity of item.,2024-03-12 21:31:39
test,Cart ordered.,2024-03-12 21:31:53
test,Added item to cart.,2024-03-12 21:33:55
test,Added item to cart.,2024-03-12 21:33:55
test,Updated quantity of item.,2024-03-12 21:33:56
test,Updated quantity of item.,2024-03-12 21:33:56
test,Cart ordered.,2024-03-12 21:35:47
test,Logged out,2024-03-12 22:01:05
admin,Logged in,2024-03-12 22:01:13
test,Logged in,2024-04-18 07:59:52
test,Added item to cart.,2024-04-18 08:00:29
test,Added item to cart.,2024-04-18 08:00:30
test,Updated quantity of item.,2024-04-18 08:00:33
test,Updated quantity of item.,2024-04-18 08:00:34
test,Removed item from order.,2024-04-18 08:00:49
test,Cart ordered.,2024-04-18 08:00:58
